<?xml version="1.0" encoding="UTF-8"?>
<testng-results ignored="0" total="2" passed="2" failed="0" skipped="0">
  <reporter-output>
    <line>
      <![CDATA[<div "result">I am on fund transfer webpage (PASSED : 0s)</div>]]>
    </line>
    <line>
      <![CDATA[<div "result">I select valid payee &quot;Jim&quot; (PASSED : 0s)</div>]]>
    </line>
    <line>
      <![CDATA[<div "result">I enter valid amount &quot;600&quot; (PASSED : 0s)</div>]]>
    </line>
    <line>
      <![CDATA[<div "result">I click on transfer button (PASSED : 0s)</div>]]>
    </line>
    <line>
      <![CDATA[<div "result">I should get success message &quot;$600 transferred successfully to Jim!!&quot; (PASSED : 0s)</div>]]>
    </line>
    <line>
      <![CDATA[<div "result">I am on fund transfer webpage (PASSED : 0s)</div>]]>
    </line>
    <line>
      <![CDATA[<div "result">I select valid payee &quot;Jim&quot; (PASSED : 0s)</div>]]>
    </line>
    <line>
      <![CDATA[<div "result">I enter invalid amount &quot;6000&quot; (PASSED : 0s)</div>]]>
    </line>
    <line>
      <![CDATA[<div "result">I click on transfer button (PASSED : 0s)</div>]]>
    </line>
    <line>
      <![CDATA[<div "result">I should get fail message &quot;Transfer failed!! account cannot be overdrawn&quot; (PASSED : 0s)</div>]]>
    </line>
  </reporter-output>
  <suite started-at="2019-12-16T23:18:43Z" name="Default suite" finished-at="2019-12-16T23:18:58Z" duration-ms="15030">
    <groups>
      <group name="cucumber">
        <method signature="AbstractTestNGCucumberTests.runScenario(cucumber.api.testng.PickleEventWrapper, cucumber.api.testng.CucumberFeatureWrapper)[pri:0, instance:stepDefinitionPack.TestRunnerTest@30b7c004]" name="runScenario" class="cucumber.api.testng.AbstractTestNGCucumberTests"/>
      </group> <!-- cucumber -->
    </groups>
    <test started-at="2019-12-16T23:18:43Z" name="Default test" finished-at="2019-12-16T23:18:58Z" duration-ms="15030">
      <class name="stepDefinitionPack.TestRunnerTest">
        <test-method is-config="true" signature="setUpClass()[pri:0, instance:stepDefinitionPack.TestRunnerTest@30b7c004]" started-at="2019-12-16T23:18:43Z" name="setUpClass" finished-at="2019-12-16T23:18:43Z" duration-ms="236" status="PASS">
          <reporter-output>
          </reporter-output>
        </test-method> <!-- setUpClass -->
        <test-method signature="runScenario(cucumber.api.testng.PickleEventWrapper, cucumber.api.testng.CucumberFeatureWrapper)[pri:0, instance:stepDefinitionPack.TestRunnerTest@30b7c004]" started-at="2019-12-16T23:18:43Z" name="runScenario" description="Runs Cucumber Scenarios" data-provider="scenarios" finished-at="2019-12-16T23:18:51Z" duration-ms="7865" status="PASS">
          <params>
            <param index="0">
              <value>
                <![CDATA[""]]>
              </value>
            </param>
            <param index="1">
              <value>
                <![CDATA["Fund transfer functionality"]]>
              </value>
            </param>
          </params>
          <reporter-output>
            <line>
              <![CDATA[<div "result">I am on fund transfer webpage (PASSED : 0s)</div>]]>
            </line>
            <line>
              <![CDATA[<div "result">I select valid payee &quot;Jim&quot; (PASSED : 0s)</div>]]>
            </line>
            <line>
              <![CDATA[<div "result">I enter valid amount &quot;600&quot; (PASSED : 0s)</div>]]>
            </line>
            <line>
              <![CDATA[<div "result">I click on transfer button (PASSED : 0s)</div>]]>
            </line>
            <line>
              <![CDATA[<div "result">I should get success message &quot;$600 transferred successfully to Jim!!&quot; (PASSED : 0s)</div>]]>
            </line>
          </reporter-output>
        </test-method> <!-- runScenario -->
        <test-method signature="runScenario(cucumber.api.testng.PickleEventWrapper, cucumber.api.testng.CucumberFeatureWrapper)[pri:0, instance:stepDefinitionPack.TestRunnerTest@30b7c004]" started-at="2019-12-16T23:18:51Z" name="runScenario" description="Runs Cucumber Scenarios" data-provider="scenarios" finished-at="2019-12-16T23:18:58Z" duration-ms="6761" status="PASS">
          <params>
            <param index="0">
              <value>
                <![CDATA[""]]>
              </value>
            </param>
            <param index="1">
              <value>
                <![CDATA["Fund transfer functionality"]]>
              </value>
            </param>
          </params>
          <reporter-output>
            <line>
              <![CDATA[<div "result">I am on fund transfer webpage (PASSED : 0s)</div>]]>
            </line>
            <line>
              <![CDATA[<div "result">I select valid payee &quot;Jim&quot; (PASSED : 0s)</div>]]>
            </line>
            <line>
              <![CDATA[<div "result">I enter invalid amount &quot;6000&quot; (PASSED : 0s)</div>]]>
            </line>
            <line>
              <![CDATA[<div "result">I click on transfer button (PASSED : 0s)</div>]]>
            </line>
            <line>
              <![CDATA[<div "result">I should get fail message &quot;Transfer failed!! account cannot be overdrawn&quot; (PASSED : 0s)</div>]]>
            </line>
          </reporter-output>
        </test-method> <!-- runScenario -->
        <test-method is-config="true" signature="tearDownClass()[pri:0, instance:stepDefinitionPack.TestRunnerTest@30b7c004]" started-at="2019-12-16T23:18:58Z" name="tearDownClass" finished-at="2019-12-16T23:18:58Z" duration-ms="91" status="PASS">
          <reporter-output>
          </reporter-output>
        </test-method> <!-- tearDownClass -->
      </class> <!-- stepDefinitionPack.TestRunnerTest -->
    </test> <!-- Default test -->
  </suite> <!-- Default suite -->
</testng-results>
